2025-12-01 06:23:38 [INFO]: Server is running on port 3005
2025-12-01 06:23:38 [INFO]: conncted localhost
2025-12-01 06:38:32 [INFO]: User Connected 
2025-12-01 06:38:44 [INFO]: User Connected 
2025-12-01 06:38:54 [INFO]: User Connected 
2025-12-01 06:39:28 [INFO]: User Connected 
2025-12-01 06:40:05 [INFO]: User Connected 
2025-12-01 06:45:35 [INFO]: User Connected 
2025-12-01 06:47:24 [INFO]: User Connected 
2025-12-01 06:47:28 [INFO]: User Connected 
2025-12-01 06:51:06 [INFO]: User Connected 
2025-12-01 06:51:38 [INFO]: User Connected 
2025-12-01 06:54:08 [INFO]: User Connected 
2025-12-01 06:55:44 [INFO]: Server is running on port 3005
2025-12-01 06:55:44 [INFO]: conncted localhost
2025-12-01 06:55:44 [INFO]: User Connected 
2025-12-01 06:56:56 [INFO]: User joined channel:
2025-12-01 06:57:56 [INFO]: User Connected 
2025-12-01 06:57:56 [INFO]: User joined channel:
2025-12-01 06:58:26 [INFO]: User joined channel:
2025-12-01 06:59:04 [INFO]: User joined channel:
2025-12-01 07:01:00 [INFO]: Server is running on port 3005
2025-12-01 07:01:00 [INFO]: conncted localhost
2025-12-01 07:01:22 [INFO]: Server is running on port 3005
2025-12-01 07:01:22 [INFO]: conncted localhost
2025-12-01 07:01:26 [INFO]: User Connected 
2025-12-01 07:01:36 [INFO]: User Connected 
2025-12-01 07:01:37 [INFO]: User joined channel:
2025-12-01 07:04:44 [INFO]: User Connected 
2025-12-01 07:04:44 [INFO]: User joined channel:
2025-12-01 07:05:33 [INFO]: User Connected 
2025-12-01 07:05:33 [INFO]: User joined channel:
2025-12-01 07:05:34 [INFO]: User joined channel:
2025-12-01 07:12:21 [INFO]: User Connected 
2025-12-01 07:12:21 [INFO]: User joined channel:
2025-12-01 07:16:04 [INFO]: User joined channel:
2025-12-01 07:16:58 [INFO]: User Connected 
2025-12-01 07:16:58 [INFO]: User joined channel:
2025-12-01 07:17:05 [INFO]: User Connected 
2025-12-01 07:17:05 [INFO]: User joined channel:
2025-12-01 07:17:05 [INFO]: User joined channel:
2025-12-01 07:20:59 [INFO]: User Connected 
2025-12-01 07:21:12 [INFO]: User Connected 
2025-12-01 07:21:12 [INFO]: User joined channel:
2025-12-01 07:21:18 [INFO]: User Connected 
2025-12-01 07:21:18 [INFO]: User joined channel:
2025-12-01 07:21:18 [INFO]: User joined channel:
2025-12-01 07:24:24 [INFO]: User joined channel:
2025-12-01 07:24:28 [INFO]: User joined channel:
2025-12-01 07:24:39 [INFO]: User joined channel:
2025-12-01 07:31:27 [INFO]: Server is running on port 3005
2025-12-01 07:31:27 [INFO]: conncted localhost
2025-12-01 07:31:29 [INFO]: User Connected 
2025-12-01 07:32:17 [INFO]: Server is running on port 3005
2025-12-01 07:32:17 [INFO]: conncted localhost
2025-12-01 07:32:20 [INFO]: User Connected 
2025-12-01 07:33:02 [INFO]: User Connected 
2025-12-01 07:33:04 [INFO]: User Connected 
2025-12-01 07:33:04 [INFO]: User joined channel:
2025-12-01 07:33:13 [INFO]: User joined channel:
2025-12-01 07:33:38 [INFO]: User Connected 
2025-12-01 07:33:38 [INFO]: User joined channel:
2025-12-01 07:33:38 [INFO]: User joined channel:
2025-12-01 07:34:54 [INFO]: User Connected 
2025-12-01 07:34:59 [INFO]: User Connected 
2025-12-01 07:34:59 [INFO]: User joined channel:
2025-12-01 07:35:50 [INFO]: User Connected 
2025-12-01 07:35:53 [INFO]: User Connected 
2025-12-01 07:35:59 [INFO]: User Connected 
2025-12-01 07:36:10 [INFO]: User Connected 
2025-12-01 07:36:10 [INFO]: User joined channel:
2025-12-01 07:36:10 [INFO]: User joined channel:
2025-12-01 07:44:48 [INFO]: User Connected 
2025-12-01 07:44:48 [INFO]: User joined channel:
2025-12-01 07:44:51 [INFO]: User joined channel:
2025-12-01 07:45:50 [INFO]: User joined channel:
2025-12-01 07:45:54 [INFO]: User joined channel:
2025-12-01 07:46:15 [INFO]: User joined channel:
2025-12-01 07:46:26 [INFO]: User joined channel:
2025-12-01 07:46:27 [INFO]: User joined channel:
2025-12-01 07:47:56 [INFO]: User Connected 
2025-12-01 07:47:59 [INFO]: User Connected 
2025-12-01 07:48:00 [INFO]: User Connected 
2025-12-01 07:48:00 [INFO]: User joined channel:
2025-12-01 07:50:46 [INFO]: User Connected 
2025-12-01 07:50:52 [INFO]: User Connected 
2025-12-01 07:50:52 [INFO]: User joined channel:
2025-12-01 07:57:28 [INFO]: Server is running on port 3005
2025-12-01 07:57:28 [INFO]: conncted localhost
2025-12-01 07:57:31 [INFO]: User Connected 
2025-12-01 07:58:10 [INFO]: Server is running on port 3005
2025-12-01 07:58:10 [INFO]: conncted localhost
2025-12-01 07:58:12 [INFO]: User Connected 
2025-12-01 07:58:49 [INFO]: Server is running on port 3005
2025-12-01 07:58:49 [INFO]: conncted localhost
2025-12-01 07:58:49 [INFO]: User Connected 
2025-12-01 07:59:55 [INFO]: Server is running on port 3005
2025-12-01 07:59:55 [INFO]: conncted localhost
2025-12-01 07:59:55 [INFO]: User Connected 
2025-12-01 08:02:26 [INFO]: User Connected 
2025-12-01 08:04:29 [INFO]: User Connected 
2025-12-01 08:05:10 [INFO]: User Connected 
2025-12-01 08:05:10 [INFO]: User joined channel:
2025-12-01 08:05:14 [INFO]: User Connected 
2025-12-01 08:05:18 [INFO]: User Connected 
2025-12-01 08:05:18 [INFO]: User joined channel:
2025-12-01 08:06:21 [INFO]: Server is running on port 3005
2025-12-01 08:06:21 [INFO]: conncted localhost
2025-12-01 08:06:24 [INFO]: User Connected 
2025-12-01 08:06:57 [INFO]: Server is running on port 3005
2025-12-01 08:06:57 [INFO]: conncted localhost
2025-12-01 08:07:03 [INFO]: User Connected 
2025-12-01 08:08:42 [INFO]: Server is running on port 3005
2025-12-01 08:08:42 [INFO]: conncted localhost
2025-12-01 08:08:43 [INFO]: User Connected 
2025-12-01 08:23:45 [INFO]: User Connected 
2025-12-01 08:39:52 [INFO]: User Connected 
2025-12-01 08:51:22 [INFO]: Server is running on port 3005
2025-12-01 08:51:22 [INFO]: conncted localhost
2025-12-01 08:51:28 [INFO]: User Connected 
2025-12-01 08:52:16 [INFO]: Server is running on port 3005
2025-12-01 08:52:16 [INFO]: conncted localhost
2025-12-01 08:52:20 [INFO]: User Connected 
2025-12-01 08:53:11 [INFO]: Server is running on port 3005
2025-12-01 08:53:11 [INFO]: conncted localhost
2025-12-01 08:53:11 [INFO]: User Connected 
2025-12-01 08:56:46 [INFO]: Server is running on port 3005
2025-12-01 08:56:46 [INFO]: conncted localhost
2025-12-01 08:56:46 [INFO]: User Connected 
2025-12-01 08:56:59 [INFO]: Server is running on port 3005
2025-12-01 08:56:59 [INFO]: conncted localhost
2025-12-01 08:56:59 [INFO]: User Connected 
2025-12-01 09:07:26 [INFO]: User Connected 
2025-12-01 09:07:27 [INFO]: User joined channel:
2025-12-01 09:08:48 [INFO]: Server is running on port 3005
2025-12-01 09:08:48 [INFO]: conncted localhost
2025-12-01 09:08:51 [INFO]: User Connected 
2025-12-01 09:09:23 [INFO]: User Connected 
2025-12-01 09:09:26 [INFO]: User Connected 
2025-12-01 09:09:26 [INFO]: User joined channel:
2025-12-01 09:14:32 [INFO]: Server is running on port 3005
2025-12-01 09:14:32 [INFO]: conncted localhost
2025-12-01 09:14:35 [INFO]: User Connected 
2025-12-01 09:17:04 [INFO]: Server is running on port 3005
2025-12-01 09:17:04 [INFO]: conncted localhost
2025-12-01 09:17:09 [INFO]: User Connected 
2025-12-01 09:17:46 [INFO]: Server is running on port 3005
2025-12-01 09:17:47 [INFO]: conncted localhost
2025-12-01 09:17:48 [INFO]: User Connected 
2025-12-01 09:51:27 [INFO]: Server is running on port 3005
2025-12-01 09:51:27 [INFO]: conncted localhost
2025-12-01 09:51:31 [INFO]: User Connected 
2025-12-01 09:52:52 [INFO]: Server is running on port 3005
2025-12-01 09:52:52 [INFO]: conncted localhost
2025-12-01 09:52:52 [INFO]: User Connected 
2025-12-01 09:53:08 [INFO]: Server is running on port 3005
2025-12-01 09:53:08 [INFO]: conncted localhost
2025-12-01 09:53:08 [INFO]: User Connected 
2025-12-01 09:53:31 [INFO]: User Connected 
2025-12-01 09:53:37 [INFO]: User Connected 
2025-12-01 09:53:39 [INFO]: User Connected 
2025-12-01 09:53:43 [INFO]: User Connected 
2025-12-01 09:53:49 [INFO]: User Connected 
2025-12-01 09:53:51 [INFO]: User Connected 
2025-12-01 09:58:00 [INFO]: User Connected 
2025-12-01 09:58:15 [INFO]: Server is running on port 3005
2025-12-01 09:58:15 [INFO]: conncted localhost
2025-12-01 09:58:15 [INFO]: User Connected 
2025-12-01 09:58:31 [INFO]: Server is running on port 3005
2025-12-01 09:58:31 [INFO]: conncted localhost
2025-12-01 09:58:31 [INFO]: User Connected 
2025-12-01 09:58:56 [INFO]: Server is running on port 3005
2025-12-01 09:58:56 [INFO]: conncted localhost
2025-12-01 09:59:00 [INFO]: User Connected 
2025-12-01 10:29:26 [INFO]: User Connected 
2025-12-01 10:29:26 [INFO]: User joined channel:
2025-12-01 10:35:31 [INFO]: User Connected 
2025-12-01 10:35:35 [INFO]: User Connected 
2025-12-01 10:35:36 [INFO]: User joined channel:
2025-12-01 11:01:24 [INFO]: Server is running on port 3005
2025-12-01 11:01:24 [INFO]: conncted localhost
2025-12-01 11:01:24 [INFO]: User Connected 
2025-12-01 11:06:02 [INFO]: User Connected 
2025-12-01 11:06:31 [INFO]: User Connected 
2025-12-01 11:07:01 [INFO]: User Connected 
2025-12-01 11:08:59 [INFO]: User Connected 
2025-12-01 11:09:22 [INFO]: User Connected 
2025-12-01 11:09:23 [INFO]: User Connected 
2025-12-01 11:09:23 [INFO]: User joined channel:
2025-12-01 11:09:24 [INFO]: User joined channel:
2025-12-01 11:09:30 [INFO]: User Connected 
2025-12-01 11:09:30 [INFO]: User joined channel:
2025-12-01 11:09:30 [INFO]: User joined channel:
2025-12-01 11:09:42 [INFO]: User joined channel:
2025-12-01 11:09:46 [INFO]: User Connected 
2025-12-01 11:09:46 [INFO]: User joined channel:
2025-12-01 11:09:46 [INFO]: User joined channel:
2025-12-01 11:10:04 [INFO]: User joined channel:
2025-12-01 11:10:09 [INFO]: User Connected 
2025-12-01 11:10:09 [INFO]: User joined channel:
2025-12-01 11:10:09 [INFO]: User joined channel:
2025-12-01 11:11:24 [INFO]: User Connected 
2025-12-01 11:11:31 [INFO]: User Connected 
2025-12-01 11:11:35 [INFO]: User Connected 
2025-12-01 11:11:41 [INFO]: User Connected 
2025-12-01 11:11:41 [INFO]: User joined channel:
2025-12-01 11:11:41 [INFO]: User joined channel:
2025-12-01 11:16:36 [INFO]: Server is running on port 3005
2025-12-01 11:16:36 [INFO]: conncted localhost
2025-12-01 11:16:36 [INFO]: User Connected 
2025-12-01 11:16:40 [INFO]: User Connected 
2025-12-01 11:16:40 [INFO]: User joined channel:
2025-12-01 11:16:40 [INFO]: User joined channel:
2025-12-01 11:16:54 [INFO]: User Connected 
2025-12-01 11:16:54 [INFO]: User joined channel:
2025-12-01 11:16:54 [INFO]: User joined channel:
2025-12-01 11:17:33 [INFO]: User Connected 
2025-12-01 11:17:33 [INFO]: User joined channel:
2025-12-01 11:17:33 [INFO]: User joined channel:
2025-12-01 11:18:35 [INFO]: Server is running on port 3005
2025-12-01 11:18:35 [INFO]: conncted localhost
2025-12-01 11:18:35 [INFO]: User Connected 
2025-12-01 11:18:40 [INFO]: User Connected 
2025-12-01 11:18:40 [INFO]: User joined channel:
2025-12-01 11:18:40 [INFO]: User joined channel:
2025-12-01 11:18:40 [INFO]: User joined channel:
2025-12-01 11:18:40 [INFO]: User joined channel:
2025-12-01 11:22:38 [INFO]: Server is running on port 3005
2025-12-01 11:22:38 [INFO]: conncted localhost
2025-12-01 11:22:39 [INFO]: User Connected 
2025-12-01 11:22:45 [INFO]: User Connected 
2025-12-01 11:22:45 [INFO]: User joined channel:
2025-12-01 11:22:45 [INFO]: User joined channel:
2025-12-01 11:22:59 [INFO]: User Connected 
2025-12-01 11:22:59 [INFO]: User joined channel:
2025-12-01 11:22:59 [INFO]: User joined channel:
2025-12-01 11:24:11 [INFO]: Server is running on port 3005
2025-12-01 11:24:11 [INFO]: conncted localhost
2025-12-01 11:24:11 [INFO]: User Connected 
2025-12-01 11:24:15 [INFO]: User Connected 
2025-12-01 11:24:15 [INFO]: User joined channel:
2025-12-01 11:24:15 [INFO]: User joined channel:
2025-12-01 11:26:04 [INFO]: Server is running on port 3005
2025-12-01 11:26:04 [INFO]: conncted localhost
2025-12-01 11:26:04 [INFO]: User Connected 
2025-12-01 11:26:32 [INFO]: Server is running on port 3005
2025-12-01 11:26:32 [INFO]: conncted localhost
2025-12-01 11:26:34 [INFO]: User Connected 
2025-12-01 11:28:05 [INFO]: User Connected 
2025-12-01 11:28:13 [INFO]: User Connected 
2025-12-01 11:28:13 [INFO]: User joined channel:
2025-12-01 11:28:13 [INFO]: User joined channel:
2025-12-01 11:28:25 [INFO]: User Connected 
2025-12-01 11:28:25 [INFO]: User joined channel:
2025-12-01 11:28:25 [INFO]: User joined channel:
2025-12-01 11:28:44 [INFO]: Server is running on port 3005
2025-12-01 11:28:44 [INFO]: conncted localhost
2025-12-01 11:28:44 [INFO]: User Connected 
2025-12-01 11:28:46 [INFO]: User Connected 
2025-12-01 11:28:46 [INFO]: User joined channel:
2025-12-01 11:28:46 [INFO]: User joined channel:
2025-12-01 11:33:01 [INFO]: Server is running on port 3005
2025-12-01 11:33:01 [INFO]: conncted localhost
2025-12-01 11:33:04 [INFO]: User Connected 
2025-12-01 11:33:05 [INFO]: User Connected 
2025-12-01 11:33:05 [INFO]: User joined channel:
2025-12-01 11:33:05 [INFO]: User joined channel:
2025-12-01 11:34:06 [INFO]: Server is running on port 3005
2025-12-01 11:34:06 [INFO]: conncted localhost
2025-12-01 11:34:09 [INFO]: User Connected 
2025-12-01 11:34:57 [INFO]: Server is running on port 3005
2025-12-01 11:34:57 [INFO]: conncted localhost
2025-12-01 11:34:57 [INFO]: User Connected 
2025-12-01 11:35:01 [INFO]: User Connected 
2025-12-01 11:35:01 [INFO]: User joined channel:
2025-12-01 11:35:01 [INFO]: User joined channel:
2025-12-01 11:35:52 [INFO]: Server is running on port 3005
2025-12-01 11:35:52 [INFO]: conncted localhost
2025-12-01 11:35:55 [INFO]: User Connected 
2025-12-01 11:35:55 [INFO]: User joined channel:
2025-12-01 11:35:55 [INFO]: User joined channel:
2025-12-01 11:35:56 [INFO]: User Connected 
2025-12-01 11:37:06 [INFO]: Server is running on port 3005
2025-12-01 11:37:06 [INFO]: conncted localhost
2025-12-01 11:37:06 [INFO]: User Connected 
2025-12-01 11:50:23 [INFO]: User Connected 
2025-12-01 11:50:38 [INFO]: User Connected 
2025-12-01 11:50:38 [INFO]: User joined channel:
2025-12-01 11:50:38 [INFO]: User joined channel:
2025-12-01 11:53:07 [INFO]: Server is running on port 3005
2025-12-01 11:53:07 [INFO]: conncted localhost
2025-12-01 11:53:07 [INFO]: User Connected 
2025-12-01 11:53:28 [INFO]: Server is running on port 3005
2025-12-01 11:53:28 [INFO]: conncted localhost
2025-12-01 11:53:29 [INFO]: User Connected 
2025-12-01 11:53:30 [INFO]: User Connected 
2025-12-01 11:53:30 [INFO]: User joined channel:
2025-12-01 11:53:31 [INFO]: User joined channel:
2025-12-01 11:54:11 [INFO]: Server is running on port 3005
2025-12-01 11:54:11 [INFO]: conncted localhost
2025-12-01 11:54:15 [INFO]: User Connected 
2025-12-01 11:54:21 [INFO]: User Connected 
2025-12-01 11:54:21 [INFO]: User joined channel:
2025-12-01 11:54:21 [INFO]: User joined channel:
2025-12-01 11:54:51 [INFO]: Server is running on port 3005
2025-12-01 11:54:51 [INFO]: conncted localhost
2025-12-01 11:54:52 [INFO]: User Connected 
2025-12-01 11:54:56 [INFO]: User Connected 
2025-12-01 11:54:56 [INFO]: User joined channel:
2025-12-01 11:54:56 [INFO]: User joined channel:
2025-12-01 11:56:54 [INFO]: Server is running on port 3005
2025-12-01 11:56:54 [INFO]: conncted localhost
2025-12-01 11:56:57 [INFO]: User Connected 
2025-12-01 11:56:58 [INFO]: User Connected 
2025-12-01 11:56:58 [INFO]: User joined channel:
2025-12-01 11:56:58 [INFO]: User joined channel:
2025-12-01 11:58:42 [INFO]: Server is running on port 3005
2025-12-01 11:58:42 [INFO]: conncted localhost
2025-12-01 11:58:42 [INFO]: User Connected 
2025-12-01 11:58:42 [INFO]: User joined channel:
2025-12-01 11:58:42 [INFO]: User joined channel:
2025-12-01 11:58:46 [INFO]: User Connected 
2025-12-01 12:00:06 [INFO]: User Connected 
2025-12-01 12:00:34 [INFO]: User Connected 
2025-12-01 12:00:34 [INFO]: User joined channel:
2025-12-01 12:00:34 [INFO]: User joined channel:
2025-12-01 12:01:26 [INFO]: User Connected 
2025-12-01 12:01:26 [INFO]: User joined channel:
2025-12-01 12:01:38 [INFO]: User joined channel:
2025-12-01 12:01:42 [INFO]: User Connected 
2025-12-01 12:01:42 [INFO]: User joined channel:
2025-12-01 12:01:42 [INFO]: User joined channel:
2025-12-01 12:05:42 [INFO]: User Connected 
2025-12-01 12:05:42 [INFO]: User joined channel:
2025-12-01 12:05:42 [INFO]: User joined channel:
2025-12-01 12:06:07 [INFO]: User joined channel:
2025-12-01 12:06:09 [INFO]: User joined channel:
2025-12-01 12:08:38 [INFO]: User Connected 
2025-12-01 12:08:38 [INFO]: User joined channel:
2025-12-01 12:08:39 [INFO]: User joined channel:
2025-12-01 12:08:54 [INFO]: User Connected 
2025-12-01 12:08:57 [INFO]: User Connected 
2025-12-01 12:08:58 [INFO]: User joined channel:
2025-12-01 12:09:17 [INFO]: User Connected 
2025-12-01 12:09:17 [INFO]: User joined channel:
2025-12-01 12:09:18 [INFO]: User joined channel:
2025-12-01 12:09:27 [INFO]: User Connected 
2025-12-01 12:09:28 [INFO]: User Connected 
2025-12-01 12:09:28 [INFO]: User joined channel:
2025-12-01 12:09:31 [INFO]: User Connected 
2025-12-01 12:09:31 [INFO]: User joined channel:
2025-12-01 12:09:31 [INFO]: User joined channel:
2025-12-01 12:10:33 [INFO]: User joined channel:
2025-12-01 12:11:04 [INFO]: User Connected 
2025-12-01 12:11:04 [INFO]: User joined channel:
2025-12-01 12:11:04 [INFO]: User joined channel:
2025-12-01 12:11:29 [INFO]: User joined channel:
2025-12-01 12:11:38 [INFO]: User Connected 
2025-12-01 12:11:38 [INFO]: User joined channel:
2025-12-01 12:11:38 [INFO]: User joined channel:
2025-12-01 12:11:41 [INFO]: User Connected 
2025-12-01 12:11:41 [INFO]: User joined channel:
2025-12-01 12:11:41 [INFO]: User joined channel:
2025-12-01 12:11:44 [INFO]: User Connected 
2025-12-01 12:11:44 [INFO]: User joined channel:
2025-12-01 12:11:44 [INFO]: User joined channel:
2025-12-01 12:11:54 [INFO]: User joined channel:
2025-12-01 12:11:56 [INFO]: User Connected 
2025-12-01 12:11:56 [INFO]: User joined channel:
2025-12-01 12:11:56 [INFO]: User joined channel:
2025-12-01 12:12:41 [INFO]: Server is running on port 3005
2025-12-01 12:12:41 [INFO]: conncted localhost
2025-12-01 12:12:44 [INFO]: User Connected 
2025-12-01 12:14:21 [INFO]: User Connected 
2025-12-01 12:14:21 [INFO]: User joined channel:
2025-12-01 12:14:21 [INFO]: User joined channel:
2025-12-01 12:14:26 [INFO]: User Connected 
2025-12-01 12:14:26 [INFO]: User joined channel:
2025-12-01 12:14:26 [INFO]: User joined channel:
2025-12-01 13:08:14 [INFO]: User Connected 
2025-12-01 13:22:54 [INFO]: User Connected 
2025-12-01 13:22:58 [INFO]: User Connected 
2025-12-01 13:24:45 [INFO]: Server is running on port 3005
2025-12-01 13:24:45 [INFO]: conncted localhost
2025-12-01 13:24:47 [INFO]: User Connected 
2025-12-01 13:27:05 [INFO]: User Connected 
2025-12-01 13:27:06 [INFO]: User Connected 
2025-12-01 13:27:42 [INFO]: User Connected 
2025-12-01 13:27:42 [INFO]: User joined channel:
2025-12-01 13:27:42 [INFO]: User joined channel:
2025-12-01 13:29:36 [INFO]: User Connected 
2025-12-01 13:29:36 [INFO]: User joined channel:
2025-12-01 13:30:07 [INFO]: User joined channel:
2025-12-01 13:31:22 [INFO]: Server is running on port 3005
2025-12-01 13:31:22 [INFO]: conncted localhost
2025-12-01 13:31:22 [INFO]: User Connected 
2025-12-01 13:31:39 [INFO]: User joined channel:
2025-12-01 13:32:06 [INFO]: Server is running on port 3005
2025-12-01 13:32:06 [INFO]: conncted localhost
2025-12-01 13:32:06 [INFO]: User Connected 
2025-12-01 13:35:02 [INFO]: User Connected 
2025-12-01 13:35:04 [INFO]: User Connected 
2025-12-01 13:35:05 [INFO]: User joined channel:
2025-12-01 13:36:42 [INFO]: Server is running on port 3005
2025-12-01 13:36:42 [INFO]: conncted localhost
2025-12-01 13:36:46 [INFO]: User Connected 
2025-12-01 13:39:02 [INFO]: User Connected 
2025-12-01 13:39:04 [INFO]: User Connected 
2025-12-01 13:40:06 [INFO]: Server is running on port 3005
2025-12-01 13:40:07 [INFO]: conncted localhost
2025-12-01 13:40:09 [INFO]: User Connected 
2025-12-01 13:40:24 [INFO]: Server is running on port 3005
2025-12-01 13:40:24 [INFO]: conncted localhost
2025-12-01 13:40:25 [INFO]: User Connected 
2025-12-01 13:40:43 [INFO]: User Connected 
2025-12-01 13:40:46 [INFO]: User Connected 
2025-12-01 13:40:46 [INFO]: User joined channel:
2025-12-01 13:40:50 [INFO]: User Connected 
2025-12-01 13:40:50 [INFO]: User joined channel:
2025-12-01 13:40:50 [INFO]: User joined channel:
2025-12-01 13:41:23 [INFO]: User Connected 
2025-12-01 13:41:25 [INFO]: User Connected 
2025-12-01 13:41:25 [INFO]: User joined channel:
2025-12-01 13:41:29 [INFO]: User Connected 
2025-12-01 13:41:29 [INFO]: User joined channel:
2025-12-01 13:41:29 [INFO]: User joined channel:
2025-12-01 13:42:05 [INFO]: Server is running on port 3005
2025-12-01 13:42:05 [INFO]: User Connected 
2025-12-01 13:42:05 [INFO]: conncted localhost
2025-12-01 13:42:41 [INFO]: User Connected 
2025-12-01 13:42:41 [INFO]: User joined channel:
2025-12-01 13:43:11 [INFO]: User Connected 
2025-12-01 13:43:12 [INFO]: User joined channel:
2025-12-01 13:43:12 [INFO]: User joined channel:
2025-12-01 13:45:21 [INFO]: User Connected 
2025-12-01 13:45:26 [INFO]: User Connected 
2025-12-01 13:45:26 [INFO]: User joined channel:
2025-12-01 13:45:26 [INFO]: User joined channel:
2025-12-01 13:45:40 [INFO]: User Connected 
2025-12-01 13:45:40 [INFO]: User joined channel:
2025-12-01 13:46:14 [INFO]: Server is running on port 3005
2025-12-01 13:46:14 [INFO]: conncted localhost
2025-12-01 13:46:14 [INFO]: User Connected 
2025-12-01 13:46:17 [INFO]: User joined channel:
2025-12-01 13:46:49 [INFO]: Server is running on port 3005
2025-12-01 13:46:49 [INFO]: conncted localhost
2025-12-01 13:46:50 [INFO]: User Connected 
2025-12-01 13:46:51 [INFO]: User Connected 
2025-12-01 13:46:53 [INFO]: User Connected 
2025-12-01 13:46:53 [INFO]: User joined channel:
2025-12-01 13:47:31 [INFO]: Server is running on port 3005
2025-12-01 13:47:31 [INFO]: conncted localhost
2025-12-01 13:47:35 [INFO]: User Connected 
2025-12-01 13:47:35 [INFO]: User joined channel:
2025-12-01 13:47:35 [INFO]: User joined channel:
2025-12-01 13:47:35 [INFO]: User Connected 
2025-12-01 13:47:35 [INFO]: User joined channel:
2025-12-01 13:47:37 [INFO]: User Connected 
2025-12-01 13:47:37 [INFO]: User joined channel:
2025-12-01 13:47:37 [INFO]: User joined channel:
2025-12-01 13:48:25 [INFO]: Server is running on port 3005
2025-12-01 13:48:25 [INFO]: conncted localhost
2025-12-01 13:48:25 [INFO]: User Connected 
2025-12-01 13:48:25 [INFO]: User joined channel:
2025-12-01 13:48:25 [INFO]: User joined channel:
2025-12-01 13:48:27 [INFO]: User Connected 
2025-12-01 13:48:30 [INFO]: User Connected 
2025-12-01 13:48:36 [INFO]: User Connected 
2025-12-01 13:48:36 [INFO]: User joined channel:
2025-12-01 13:48:36 [INFO]: User joined channel:
2025-12-01 13:48:40 [INFO]: User Connected 
2025-12-01 13:48:40 [INFO]: User joined channel:
2025-12-01 13:48:40 [INFO]: User joined channel:
2025-12-01 13:49:28 [INFO]: User Connected 
2025-12-01 13:49:28 [INFO]: User joined channel:
2025-12-01 13:50:11 [INFO]: User joined channel:
2025-12-01 13:50:15 [INFO]: User Connected 
2025-12-01 13:50:15 [INFO]: User joined channel:
2025-12-01 13:50:15 [INFO]: User joined channel:
2025-12-01 13:50:22 [INFO]: User joined channel:
2025-12-01 13:50:26 [INFO]: User Connected 
2025-12-01 15:01:28 [INFO]: Server is running on port 3005
2025-12-01 15:01:28 [INFO]: conncted localhost
2025-12-01 15:06:18 [INFO]: User Connected 
2025-12-01 15:06:40 [INFO]: User Connected 
2025-12-01 15:06:40 [INFO]: User joined channel:
2025-12-01 15:06:43 [INFO]: User joined channel:
2025-12-01 15:12:36 [INFO]: User Connected 
2025-12-01 15:12:36 [INFO]: User joined channel:
2025-12-01 15:12:36 [INFO]: User joined channel:
2025-12-01 15:12:42 [INFO]: User Connected 
2025-12-01 15:12:42 [INFO]: User joined channel:
2025-12-01 15:12:42 [INFO]: User joined channel:
2025-12-01 15:16:52 [INFO]: Server is running on port 3005
2025-12-01 15:16:52 [INFO]: conncted localhost
2025-12-01 15:16:55 [INFO]: User Connected 
2025-12-01 15:17:13 [INFO]: Server is running on port 3005
2025-12-01 15:17:13 [INFO]: conncted localhost
2025-12-01 15:17:13 [INFO]: User Connected 
2025-12-01 15:17:19 [INFO]: User Connected 
2025-12-01 15:17:59 [INFO]: User Connected 
2025-12-01 15:17:59 [INFO]: User joined channel:
2025-12-01 15:17:59 [INFO]: User joined channel:
2025-12-01 15:18:40 [INFO]: User Connected 
2025-12-01 15:18:40 [INFO]: User joined channel:
2025-12-01 15:18:40 [INFO]: User joined channel:
2025-12-01 15:18:50 [INFO]: User Connected 
2025-12-01 15:18:50 [INFO]: User joined channel:
2025-12-01 15:18:50 [INFO]: User joined channel:
2025-12-01 15:20:12 [INFO]: User Connected 
2025-12-01 15:20:27 [INFO]: User Connected 
2025-12-01 15:24:36 [INFO]: Server is running on port 3005
2025-12-01 15:24:36 [INFO]: conncted localhost
2025-12-01 15:24:36 [INFO]: User Connected 
2025-12-01 15:24:54 [INFO]: User Connected 
2025-12-01 15:24:54 [INFO]: User joined channel:
2025-12-01 15:25:00 [INFO]: User joined channel:
2025-12-01 15:25:17 [INFO]: User Connected 
2025-12-01 15:25:17 [INFO]: User joined channel:
2025-12-01 15:25:17 [INFO]: User joined channel:
2025-12-01 15:27:45 [INFO]: Server is running on port 3005
2025-12-01 15:27:45 [INFO]: conncted localhost
2025-12-01 15:27:45 [INFO]: User Connected 
2025-12-01 15:27:47 [INFO]: User Connected 
2025-12-01 15:27:47 [INFO]: User joined channel:
2025-12-01 15:27:47 [INFO]: User joined channel:
2025-12-01 15:27:57 [INFO]: User Connected 
2025-12-01 15:27:57 [INFO]: User joined channel:
2025-12-01 15:28:01 [INFO]: User Connected 
2025-12-01 15:28:01 [INFO]: User joined channel:
2025-12-01 15:28:01 [INFO]: User joined channel:
2025-12-01 15:28:14 [INFO]: User Connected 
2025-12-01 15:28:14 [INFO]: User joined channel:
2025-12-01 15:28:14 [INFO]: User joined channel:
2025-12-01 15:28:48 [INFO]: User Connected 
2025-12-01 15:28:57 [INFO]: User Connected 
2025-12-01 15:28:57 [INFO]: User joined channel:
2025-12-01 15:28:57 [INFO]: User joined channel:
2025-12-01 15:29:05 [INFO]: User Connected 
2025-12-01 15:29:05 [INFO]: User joined channel:
2025-12-01 15:29:05 [INFO]: User joined channel:
2025-12-01 15:29:13 [INFO]: User Connected 
2025-12-01 15:29:13 [INFO]: User joined channel:
2025-12-01 15:29:13 [INFO]: User joined channel:
2025-12-01 15:29:58 [INFO]: User Connected 
2025-12-01 15:29:59 [INFO]: User joined channel:
2025-12-01 15:30:38 [INFO]: Server is running on port 3005
2025-12-01 15:30:39 [INFO]: conncted localhost
2025-12-01 15:30:39 [INFO]: User Connected 
2025-12-01 15:31:38 [INFO]: Server is running on port 3005
2025-12-01 15:31:38 [INFO]: conncted localhost
2025-12-01 15:32:18 [INFO]: Server is running on port 3005
2025-12-01 15:32:18 [INFO]: conncted localhost
2025-12-01 15:32:18 [INFO]: User Connected 
2025-12-01 15:32:18 [INFO]: User joined channel:
2025-12-01 15:32:18 [INFO]: User joined channel:
2025-12-01 15:32:21 [INFO]: User Connected 
2025-12-01 15:32:49 [INFO]: User Connected 
2025-12-01 15:32:49 [INFO]: User joined channel:
2025-12-01 15:32:49 [INFO]: User joined channel:
2025-12-01 15:32:59 [INFO]: User Connected 
2025-12-01 15:32:59 [INFO]: User joined channel:
2025-12-01 15:32:59 [INFO]: User joined channel:
2025-12-01 15:33:50 [INFO]: Server is running on port 3005
2025-12-01 15:33:50 [INFO]: conncted localhost
2025-12-01 15:33:50 [INFO]: User Connected 
2025-12-01 15:33:53 [INFO]: User Connected 
2025-12-01 15:33:53 [INFO]: User joined channel:
2025-12-01 15:33:53 [INFO]: User joined channel:
2025-12-01 15:34:25 [INFO]: Server is running on port 3005
2025-12-01 15:34:25 [INFO]: conncted localhost
2025-12-01 15:34:29 [INFO]: User Connected 
2025-12-01 15:34:31 [INFO]: User Connected 
2025-12-01 15:34:31 [INFO]: User joined channel:
2025-12-01 15:34:31 [INFO]: User joined channel:
2025-12-01 15:34:31 [INFO]: User joined channel:
2025-12-01 15:34:31 [INFO]: User joined channel:
2025-12-01 15:35:08 [INFO]: User Connected 
2025-12-01 15:35:08 [INFO]: User joined channel:
2025-12-01 15:35:08 [INFO]: User joined channel:
2025-12-01 15:35:27 [INFO]: User Connected 
2025-12-01 15:35:27 [INFO]: User joined channel:
2025-12-01 15:35:27 [INFO]: User joined channel:
2025-12-01 15:37:26 [INFO]: User Connected 
2025-12-01 15:37:26 [INFO]: User joined channel:
2025-12-01 15:37:26 [INFO]: User joined channel:
2025-12-01 15:40:12 [INFO]: Server is running on port 3005
2025-12-01 15:40:12 [INFO]: conncted localhost
2025-12-01 15:40:13 [INFO]: User Connected 
2025-12-01 15:41:14 [INFO]: Server is running on port 3005
2025-12-01 15:41:14 [INFO]: conncted localhost
2025-12-01 15:41:14 [INFO]: User Connected 
2025-12-01 15:41:40 [INFO]: Server is running on port 3005
2025-12-01 15:41:40 [INFO]: conncted localhost
2025-12-01 15:41:41 [INFO]: User Connected 
2025-12-01 15:41:47 [INFO]: User Connected 
2025-12-01 15:43:14 [INFO]: User Connected 
2025-12-01 15:46:05 [INFO]: Server is running on port 3005
2025-12-01 15:46:05 [INFO]: conncted localhost
2025-12-01 15:46:46 [INFO]: Server is running on port 3005
2025-12-01 15:46:46 [INFO]: conncted localhost
2025-12-01 15:46:46 [INFO]: User Connected 
2025-12-01 15:52:08 [INFO]: Server is running on port 3005
2025-12-01 15:52:08 [INFO]: conncted localhost
2025-12-01 15:52:09 [INFO]: User Connected 
2025-12-01 15:54:30 [INFO]: User Connected 
2025-12-01 15:54:41 [INFO]: User Connected 
2025-12-01 15:54:41 [INFO]: User joined channel:
2025-12-01 15:54:41 [INFO]: User joined channel:
2025-12-01 16:09:14 [INFO]: User Connected 
2025-12-01 16:09:27 [INFO]: User Connected 
2025-12-01 16:09:29 [INFO]: User Connected 
2025-12-01 16:09:29 [INFO]: User joined channel:
2025-12-01 16:09:43 [INFO]: User Connected 
2025-12-01 16:09:43 [INFO]: User joined channel:
2025-12-01 16:09:43 [INFO]: User joined channel:
2025-12-01 16:12:23 [INFO]: User joined channel:
2025-12-01 16:12:25 [INFO]: User joined channel:
2025-12-01 16:12:46 [INFO]: User Connected 
2025-12-01 16:12:46 [INFO]: User joined channel:
2025-12-01 16:12:47 [INFO]: User joined channel:
2025-12-01 16:17:45 [INFO]: User Connected 
2025-12-01 16:17:45 [INFO]: User joined channel:
2025-12-01 16:17:45 [INFO]: User joined channel:
2025-12-01 16:17:58 [INFO]: User Connected 
2025-12-01 16:20:36 [INFO]: User Connected 
2025-12-01 16:20:37 [INFO]: User joined channel:
2025-12-01 16:20:45 [INFO]: User Connected 
2025-12-01 16:20:45 [INFO]: User joined channel:
2025-12-01 16:20:45 [INFO]: User joined channel:
2025-12-01 16:20:53 [INFO]: User Connected 
2025-12-01 16:20:54 [INFO]: User Connected 
2025-12-01 16:20:54 [INFO]: User joined channel:
2025-12-01 16:21:17 [INFO]: User joined channel:
2025-12-01 16:21:21 [INFO]: User Connected 
2025-12-01 16:21:21 [INFO]: User joined channel:
2025-12-01 16:21:21 [INFO]: User joined channel:
2025-12-01 16:21:27 [INFO]: User Connected 
2025-12-01 16:21:27 [INFO]: User joined channel:
2025-12-01 16:21:27 [INFO]: User joined channel:
2025-12-01 16:21:38 [INFO]: User joined channel:
2025-12-01 16:21:53 [INFO]: User joined channel:
2025-12-01 16:21:54 [INFO]: User joined channel:
2025-12-01 16:22:02 [INFO]: User Connected 
2025-12-01 16:22:02 [INFO]: User joined channel:
2025-12-01 16:22:02 [INFO]: User joined channel:
2025-12-01 16:22:19 [INFO]: User joined channel:
2025-12-01 16:22:20 [INFO]: User joined channel:
2025-12-01 16:22:21 [INFO]: User joined channel:
2025-12-01 16:27:56 [INFO]: User joined channel:
2025-12-01 16:28:05 [INFO]: User Connected 
2025-12-01 16:28:06 [INFO]: User Connected 
2025-12-01 16:28:06 [INFO]: User joined channel:
2025-12-01 16:28:11 [INFO]: User Connected 
2025-12-01 16:28:11 [INFO]: User joined channel:
2025-12-01 16:28:11 [INFO]: User joined channel:
2025-12-01 16:28:16 [INFO]: User joined channel:
2025-12-01 16:28:25 [INFO]: User joined channel:
2025-12-01 16:28:38 [INFO]: User joined channel:
2025-12-01 16:28:40 [INFO]: User Connected 
2025-12-01 16:28:40 [INFO]: User joined channel:
2025-12-01 16:28:40 [INFO]: User joined channel:
2025-12-01 16:28:46 [INFO]: User Connected 
2025-12-01 16:28:46 [INFO]: User joined channel:
2025-12-01 16:28:46 [INFO]: User joined channel:
2025-12-01 16:28:52 [INFO]: User joined channel:
2025-12-01 16:28:59 [INFO]: User joined channel:
2025-12-01 16:29:01 [INFO]: User joined channel:
2025-12-01 16:30:55 [INFO]: User Connected 
2025-12-01 16:30:55 [INFO]: User joined channel:
2025-12-01 16:30:55 [INFO]: User joined channel:
2025-12-01 16:37:44 [INFO]: Server is running on port 3005
2025-12-01 16:37:44 [INFO]: conncted localhost
2025-12-01 16:37:48 [INFO]: User Connected 
2025-12-01 16:37:49 [INFO]: User joined channel:
2025-12-01 16:37:50 [INFO]: User joined channel:
2025-12-01 16:37:55 [INFO]: User Connected 
2025-12-01 16:37:55 [INFO]: User joined channel:
2025-12-01 16:37:55 [INFO]: User joined channel:
2025-12-01 16:39:21 [INFO]: User Connected 
2025-12-01 16:39:22 [INFO]: User Connected 
2025-12-01 16:39:23 [INFO]: User joined channel:
2025-12-01 16:39:28 [INFO]: User Connected 
2025-12-01 16:39:28 [INFO]: User joined channel:
2025-12-01 16:39:28 [INFO]: User joined channel:
2025-12-01 16:42:08 [INFO]: User Connected 
2025-12-01 16:42:16 [INFO]: User Connected 
2025-12-01 16:42:24 [INFO]: User Connected 
2025-12-01 16:42:24 [INFO]: User joined channel:
2025-12-01 16:42:29 [INFO]: User Connected 
2025-12-01 16:42:29 [INFO]: User joined channel:
2025-12-01 16:42:29 [INFO]: User joined channel:
2025-12-01 16:43:40 [INFO]: User Connected 
2025-12-01 16:43:40 [INFO]: User joined channel:
2025-12-01 16:43:40 [INFO]: User joined channel:
2025-12-01 16:45:42 [INFO]: User Connected 
2025-12-01 16:45:42 [INFO]: User joined channel:
2025-12-01 16:45:42 [INFO]: User joined channel:
2025-12-01 16:45:49 [INFO]: User Connected 
2025-12-01 16:45:49 [INFO]: User joined channel:
2025-12-01 16:45:49 [INFO]: User joined channel:
2025-12-01 16:46:01 [INFO]: User joined channel:
2025-12-01 16:46:08 [INFO]: User Connected 
2025-12-01 16:46:08 [INFO]: User joined channel:
2025-12-01 16:46:08 [INFO]: User joined channel:
2025-12-01 16:46:22 [INFO]: User Connected 
2025-12-01 16:46:22 [INFO]: User joined channel:
2025-12-01 16:46:22 [INFO]: User joined channel:
2025-12-01 16:47:42 [INFO]: User Connected 
2025-12-01 16:47:43 [INFO]: User Connected 
2025-12-01 16:47:43 [INFO]: User joined channel:
2025-12-01 16:47:50 [INFO]: User Connected 
2025-12-01 16:47:50 [INFO]: User joined channel:
2025-12-01 16:47:50 [INFO]: User joined channel:
2025-12-01 16:47:57 [INFO]: User Connected 
2025-12-01 16:47:57 [INFO]: User joined channel:
2025-12-01 16:47:57 [INFO]: User joined channel:
2025-12-01 16:48:09 [INFO]: User Connected 
2025-12-01 16:48:09 [INFO]: User joined channel:
2025-12-01 16:48:12 [INFO]: User Connected 
2025-12-01 16:48:12 [INFO]: User joined channel:
2025-12-01 16:48:13 [INFO]: User Connected 
2025-12-01 16:48:13 [INFO]: User joined channel:
2025-12-01 16:52:45 [INFO]: Server is running on port 3005
2025-12-01 16:52:45 [INFO]: conncted localhost
2025-12-01 16:52:45 [INFO]: User Connected 
2025-12-01 16:52:49 [INFO]: User Connected 
2025-12-01 16:52:50 [INFO]: User Connected 
2025-12-01 16:52:50 [INFO]: User joined channel:
2025-12-01 16:52:56 [INFO]: User Connected 
2025-12-01 16:52:56 [INFO]: User joined channel:
2025-12-01 16:52:56 [INFO]: User joined channel:
2025-12-01 16:53:32 [INFO]: Server is running on port 3005
2025-12-01 16:53:32 [INFO]: conncted localhost
2025-12-01 16:53:32 [INFO]: User Connected 
2025-12-01 16:53:59 [INFO]: User Connected 
2025-12-01 16:53:59 [INFO]: User joined channel:
2025-12-01 16:53:59 [INFO]: User joined channel:
2025-12-01 16:54:18 [INFO]: User Connected 
2025-12-01 16:54:18 [INFO]: User joined channel:
2025-12-01 16:54:19 [INFO]: User joined channel:
2025-12-01 16:54:27 [INFO]: User joined channel:
2025-12-01 16:54:29 [INFO]: User joined channel:
2025-12-01 16:54:52 [INFO]: Server is running on port 3005
2025-12-01 16:54:52 [INFO]: conncted localhost
2025-12-01 16:54:53 [INFO]: User Connected 
2025-12-01 16:58:21 [INFO]: User Connected 
2025-12-01 16:58:21 [INFO]: User joined channel:
2025-12-01 16:58:21 [INFO]: User joined channel:
2025-12-01 16:58:53 [INFO]: Server is running on port 3005
2025-12-01 16:58:53 [INFO]: conncted localhost
2025-12-01 16:58:53 [INFO]: User Connected 
2025-12-01 16:58:57 [INFO]: User Connected 
2025-12-01 16:58:57 [INFO]: User joined channel:
2025-12-01 16:59:01 [INFO]: User Connected 
2025-12-01 16:59:01 [INFO]: User joined channel:
2025-12-01 16:59:01 [INFO]: User joined channel:
2025-12-01 17:03:16 [INFO]: User Connected 
2025-12-01 17:03:17 [INFO]: User Connected 
2025-12-01 17:03:20 [INFO]: User Connected 
2025-12-01 17:03:22 [INFO]: User Connected 
2025-12-01 17:03:30 [INFO]: User Connected 
2025-12-01 17:03:34 [INFO]: User Connected 
2025-12-01 17:03:34 [INFO]: User joined channel:
2025-12-01 17:03:34 [INFO]: User joined channel:
2025-12-01 17:03:43 [INFO]: User Connected 
2025-12-01 17:03:43 [INFO]: User joined channel:
2025-12-01 17:03:48 [INFO]: User Connected 
2025-12-01 17:03:48 [INFO]: User joined channel:
2025-12-01 17:03:48 [INFO]: User joined channel:
2025-12-01 17:03:56 [INFO]: User Connected 
2025-12-01 17:03:56 [INFO]: User joined channel:
2025-12-01 17:03:56 [INFO]: User joined channel:
2025-12-01 17:05:28 [INFO]: User Connected 
2025-12-01 17:05:35 [INFO]: User Connected 
2025-12-01 17:05:35 [INFO]: User joined channel:
2025-12-01 17:05:39 [INFO]: User Connected 
2025-12-01 17:05:39 [INFO]: User joined channel:
2025-12-01 17:05:40 [INFO]: User joined channel:
2025-12-01 17:10:02 [INFO]: User Connected 
2025-12-01 17:10:02 [INFO]: User joined channel:
2025-12-01 17:10:02 [INFO]: User joined channel:
2025-12-01 17:21:13 [INFO]: Server is running on port 3005
2025-12-01 17:21:13 [INFO]: conncted localhost
2025-12-01 17:21:16 [INFO]: User Connected 
2025-12-01 17:25:59 [INFO]: User Connected 
2025-12-01 17:26:20 [INFO]: User Connected 
2025-12-01 17:26:23 [INFO]: User Connected 
2025-12-01 17:26:23 [INFO]: User joined channel:
2025-12-01 17:26:42 [INFO]: User joined channel:
2025-12-01 17:26:44 [INFO]: User joined channel:
2025-12-01 17:26:47 [INFO]: User Connected 
2025-12-01 17:26:47 [INFO]: User joined channel:
2025-12-01 17:26:47 [INFO]: User joined channel:
2025-12-01 17:26:56 [INFO]: User Connected 
2025-12-01 17:26:56 [INFO]: User joined channel:
2025-12-01 17:26:56 [INFO]: User joined channel:
2025-12-01 17:27:19 [INFO]: User joined channel:
2025-12-01 17:27:25 [INFO]: User joined channel:
2025-12-01 17:27:30 [INFO]: User Connected 
2025-12-01 17:27:30 [INFO]: User joined channel:
2025-12-01 17:27:30 [INFO]: User joined channel:
2025-12-01 17:27:51 [INFO]: User joined channel:
2025-12-01 17:27:54 [INFO]: User Connected 
2025-12-01 17:27:56 [INFO]: User Connected 
2025-12-01 17:27:56 [INFO]: User joined channel:
2025-12-01 17:27:58 [INFO]: User joined channel:
2025-12-01 17:28:00 [INFO]: User joined channel:
2025-12-01 17:28:02 [INFO]: User Connected 
2025-12-01 17:28:02 [INFO]: User joined channel:
2025-12-01 17:28:03 [INFO]: User joined channel:
2025-12-01 17:28:23 [INFO]: User joined channel:
2025-12-01 17:28:32 [INFO]: User joined channel:
2025-12-01 17:56:47 [INFO]: Server is running on port 3005
2025-12-01 17:56:47 [INFO]: conncted localhost
2025-12-01 17:56:48 [INFO]: User Connected 
2025-12-01 17:56:52 [INFO]: User Connected 
2025-12-01 17:56:54 [INFO]: User Connected 
2025-12-01 17:56:55 [INFO]: User joined channel:
2025-12-01 17:56:59 [INFO]: User Connected 
2025-12-01 17:56:59 [INFO]: User joined channel:
2025-12-01 17:56:59 [INFO]: User joined channel:
2025-12-01 17:57:07 [INFO]: User Connected 
2025-12-01 17:57:07 [INFO]: User joined channel:
2025-12-01 17:57:07 [INFO]: User joined channel:
2025-12-01 17:59:24 [INFO]: User Connected 
2025-12-01 17:59:24 [INFO]: User Connected 
2025-12-01 17:59:24 [INFO]: User joined channel:
2025-12-01 17:59:29 [INFO]: User Connected 
2025-12-01 17:59:29 [INFO]: User joined channel:
2025-12-01 17:59:30 [INFO]: User joined channel:
2025-12-01 18:29:42 [INFO]: User Connected 
2025-12-01 18:31:43 [INFO]: User Connected 
2025-12-01 18:31:45 [INFO]: User Connected 
2025-12-01 18:31:45 [INFO]: User joined channel:
2025-12-01 18:32:51 [INFO]: Server is running on port 3005
2025-12-01 18:32:51 [INFO]: conncted localhost
2025-12-01 18:32:52 [INFO]: User Connected 
2025-12-01 18:34:36 [INFO]: User Connected 
2025-12-01 18:35:54 [INFO]: User Connected 
2025-12-01 18:35:54 [INFO]: User joined channel:
2025-12-01 18:39:08 [INFO]: Server is running on port 3005
2025-12-01 18:39:08 [INFO]: conncted localhost
2025-12-01 18:39:08 [INFO]: User Connected 
2025-12-01 18:39:17 [INFO]: User joined channel:
2025-12-01 18:42:35 [INFO]: Server is running on port 3005
2025-12-01 18:42:35 [INFO]: conncted localhost
2025-12-01 18:42:35 [INFO]: User Connected 
2025-12-01 18:43:01 [INFO]: User Connected 
2025-12-01 18:43:29 [INFO]: User Connected 
2025-12-01 18:43:29 [INFO]: User joined channel:
2025-12-01 18:48:36 [INFO]: User Connected 
2025-12-01 18:48:36 [INFO]: User joined channel:
2025-12-01 18:48:36 [INFO]: User joined channel:
2025-12-01 18:52:46 [INFO]: User Connected 
2025-12-01 18:52:46 [INFO]: User joined channel:
2025-12-01 18:52:46 [INFO]: User joined channel:
2025-12-01 18:53:36 [INFO]: Server is running on port 3005
2025-12-01 18:53:36 [INFO]: conncted localhost
2025-12-01 18:53:39 [INFO]: User Connected 
2025-12-01 18:53:57 [INFO]: User Connected 
2025-12-01 18:53:59 [INFO]: User Connected 
2025-12-01 18:53:59 [INFO]: User joined channel:
2025-12-01 18:54:18 [INFO]: User Connected 
2025-12-01 18:54:18 [INFO]: User joined channel:
2025-12-01 18:54:18 [INFO]: User joined channel:
2025-12-01 18:57:28 [INFO]: User Connected 
2025-12-01 18:57:29 [INFO]: User Connected 
2025-12-01 18:57:29 [INFO]: User joined channel:
2025-12-01 18:57:47 [INFO]: User Connected 
2025-12-01 18:57:47 [INFO]: User joined channel:
2025-12-01 18:57:47 [INFO]: User joined channel:
2025-12-01 19:00:00 [INFO]: User Connected 
2025-12-01 19:00:00 [INFO]: User joined channel:
2025-12-01 19:00:00 [INFO]: User joined channel:
2025-12-01 19:26:07 [INFO]: User Connected 
2025-12-01 19:28:34 [INFO]: User Connected 
2025-12-01 19:28:35 [INFO]: User Connected 
2025-12-01 19:28:35 [INFO]: User joined channel:
2025-12-01 19:28:42 [INFO]: User Connected 
2025-12-01 19:28:42 [INFO]: User joined channel:
2025-12-01 19:28:42 [INFO]: User joined channel:
2025-12-01 19:50:15 [INFO]: Server is running on port 3005
2025-12-01 19:50:15 [INFO]: conncted localhost
2025-12-01 19:50:16 [INFO]: User Connected 
2025-12-01 19:54:00 [INFO]: User Connected 
2025-12-01 19:54:58 [INFO]: User Connected 
2025-12-01 19:55:02 [INFO]: User Connected 
2025-12-01 19:55:04 [INFO]: User Connected 
2025-12-01 19:55:04 [INFO]: User joined channel:
2025-12-01 19:55:17 [INFO]: User Connected 
2025-12-01 19:55:17 [INFO]: User joined channel:
2025-12-01 19:55:17 [INFO]: User joined channel:
2025-12-01 19:55:34 [INFO]: User Connected 
2025-12-01 19:58:16 [INFO]: User Connected 
2025-12-01 19:58:18 [INFO]: User Connected 
2025-12-01 19:58:19 [INFO]: User joined channel:
2025-12-01 19:58:21 [INFO]: User joined channel:
2025-12-01 19:58:22 [INFO]: User joined channel:
2025-12-01 19:58:25 [INFO]: User joined channel:
2025-12-01 19:58:28 [INFO]: User Connected 
2025-12-01 19:58:28 [INFO]: User joined channel:
2025-12-01 19:58:28 [INFO]: User joined channel:
2025-12-01 19:58:44 [INFO]: User joined channel:
2025-12-01 19:58:52 [INFO]: User Connected 
2025-12-01 19:58:52 [INFO]: User joined channel:
2025-12-01 19:58:52 [INFO]: User joined channel:
2025-12-01 19:58:59 [INFO]: User joined channel:
2025-12-01 19:59:05 [INFO]: User Connected 
2025-12-01 19:59:05 [INFO]: User joined channel:
2025-12-01 19:59:06 [INFO]: User joined channel:
2025-12-01 20:01:15 [INFO]: User Connected 
2025-12-01 20:01:22 [INFO]: User Connected 
2025-12-01 20:01:25 [INFO]: User Connected 
2025-12-01 20:01:25 [INFO]: User joined channel:
2025-12-01 20:01:26 [INFO]: User joined channel:
2025-12-01 20:01:30 [INFO]: User joined channel:
2025-12-01 20:01:31 [INFO]: User joined channel:
2025-12-01 20:01:36 [INFO]: User Connected 
2025-12-01 20:01:46 [INFO]: User Connected 
2025-12-01 20:01:51 [INFO]: User Connected 
2025-12-01 20:01:51 [INFO]: User joined channel:
2025-12-01 20:01:51 [INFO]: User joined channel:
2025-12-01 20:01:57 [INFO]: User Connected 
2025-12-01 20:01:57 [INFO]: User joined channel:
2025-12-01 20:01:58 [INFO]: User joined channel:
2025-12-01 20:13:04 [INFO]: User Connected 
2025-12-01 20:13:05 [INFO]: User Connected 
2025-12-01 20:13:05 [INFO]: User joined channel:
2025-12-01 20:13:06 [INFO]: User joined channel:
2025-12-01 20:13:12 [INFO]: User Connected 
2025-12-01 20:13:12 [INFO]: User joined channel:
2025-12-01 20:13:12 [INFO]: User joined channel:
2025-12-01 20:13:20 [INFO]: User joined channel:
2025-12-01 20:13:26 [INFO]: User Connected 
2025-12-01 20:13:26 [INFO]: User joined channel:
2025-12-01 20:13:26 [INFO]: User joined channel:
2025-12-01 20:14:46 [INFO]: User joined channel:
2025-12-01 20:14:47 [INFO]: User joined channel:
2025-12-01 20:14:49 [INFO]: User joined channel:
2025-12-01 20:14:50 [INFO]: User joined channel:
2025-12-01 20:14:55 [INFO]: User Connected 
2025-12-01 20:14:55 [INFO]: User joined channel:
2025-12-01 20:14:55 [INFO]: User joined channel:
2025-12-01 20:15:01 [INFO]: User joined channel:
2025-12-01 20:15:03 [INFO]: User joined channel:
2025-12-01 20:36:02 [INFO]: User Connected 
2025-12-01 20:37:36 [INFO]: Server is running on port 3005
2025-12-01 20:37:36 [INFO]: conncted localhost
2025-12-01 20:37:42 [INFO]: User Connected 
2025-12-01 20:37:49 [INFO]: User Connected 
2025-12-01 20:37:49 [INFO]: User joined channel:
2025-12-01 20:37:54 [INFO]: User joined channel:
2025-12-01 20:38:06 [INFO]: User Connected 
2025-12-01 20:38:06 [INFO]: User joined channel:
2025-12-01 20:38:06 [INFO]: User joined channel:
2025-12-01 20:38:29 [INFO]: User joined channel:
2025-12-01 20:38:53 [INFO]: User Connected 
2025-12-01 20:38:53 [INFO]: User joined channel:
2025-12-01 20:38:53 [INFO]: User joined channel:
2025-12-01 20:40:47 [INFO]: User Connected 
2025-12-01 20:40:47 [INFO]: User joined channel:
2025-12-01 20:40:47 [INFO]: User joined channel:
2025-12-01 20:41:13 [INFO]: User joined channel:
2025-12-01 20:41:14 [INFO]: User joined channel:
2025-12-01 20:41:25 [INFO]: User Connected 
2025-12-01 20:41:25 [INFO]: User joined channel:
2025-12-01 20:41:25 [INFO]: User joined channel:
2025-12-01 20:41:40 [INFO]: User joined channel:
2025-12-01 20:41:41 [INFO]: User joined channel:
2025-12-01 20:41:55 [INFO]: User Connected 
2025-12-01 20:41:55 [INFO]: User joined channel:
2025-12-01 20:41:55 [INFO]: User joined channel:
2025-12-01 20:46:24 [INFO]: User Connected 
2025-12-01 20:47:02 [INFO]: User Connected 
2025-12-01 20:47:02 [INFO]: User joined channel:
2025-12-01 20:47:07 [INFO]: User Connected 
2025-12-01 20:47:07 [INFO]: User joined channel:
2025-12-01 20:47:07 [INFO]: User joined channel:
2025-12-01 20:47:16 [INFO]: User Connected 
2025-12-01 20:47:16 [INFO]: User joined channel:
2025-12-01 20:47:16 [INFO]: User joined channel:
2025-12-01 20:47:23 [INFO]: User joined channel:
2025-12-01 20:47:51 [INFO]: User joined channel:
2025-12-01 20:47:52 [INFO]: User joined channel:
2025-12-01 20:49:14 [INFO]: User joined channel:
2025-12-01 20:49:18 [INFO]: User Connected 
2025-12-01 20:49:18 [INFO]: User joined channel:
2025-12-01 20:49:18 [INFO]: User joined channel:
2025-12-01 20:49:26 [INFO]: User joined channel:
2025-12-01 20:52:27 [INFO]: User Connected 
2025-12-01 20:52:28 [INFO]: User Connected 
2025-12-01 20:52:28 [INFO]: User joined channel:
2025-12-01 20:52:30 [INFO]: User joined channel:
2025-12-01 20:52:34 [INFO]: User Connected 
2025-12-01 20:52:34 [INFO]: User joined channel:
2025-12-01 20:52:34 [INFO]: User joined channel:
2025-12-01 20:52:42 [INFO]: User joined channel:
2025-12-01 20:57:07 [INFO]: User Connected 
2025-12-01 20:57:08 [INFO]: User Connected 
2025-12-01 20:57:08 [INFO]: User joined channel:
2025-12-01 20:57:18 [INFO]: User Connected 
2025-12-01 20:57:18 [INFO]: User joined channel:
2025-12-01 20:57:18 [INFO]: User joined channel:
2025-12-01 20:57:26 [INFO]: User joined channel:
2025-12-01 20:57:29 [INFO]: User joined channel:
2025-12-01 20:57:29 [INFO]: User joined channel:
2025-12-01 20:57:34 [INFO]: User Connected 
2025-12-01 20:57:34 [INFO]: User joined channel:
2025-12-01 20:57:34 [INFO]: User joined channel:
2025-12-01 20:57:54 [INFO]: User joined channel:
2025-12-01 20:57:56 [INFO]: User joined channel:
2025-12-01 20:58:01 [INFO]: User Connected 
2025-12-01 20:58:01 [INFO]: User joined channel:
2025-12-01 20:58:02 [INFO]: User joined channel:
2025-12-01 20:58:11 [INFO]: User Connected 
2025-12-01 20:58:11 [INFO]: User joined channel:
2025-12-01 20:58:11 [INFO]: User joined channel:
2025-12-01 20:58:24 [INFO]: User joined channel:
2025-12-01 20:58:25 [INFO]: User joined channel:
2025-12-01 21:00:24 [INFO]: Server is running on port 3005
2025-12-01 21:00:24 [INFO]: conncted localhost
2025-12-01 21:00:25 [INFO]: User connected:
2025-12-01 21:00:29 [INFO]: User connected:
2025-12-01 21:00:31 [INFO]: User connected:
2025-12-01 21:00:37 [INFO]: User connected:
2025-12-01 21:00:47 [INFO]: User connected:
2025-12-01 21:00:52 [INFO]: User connected:
2025-12-01 21:01:00 [INFO]: User connected:
2025-12-01 21:01:14 [INFO]: User connected:
2025-12-01 21:03:16 [INFO]: User connected:
2025-12-01 21:03:18 [INFO]: User connected:
2025-12-01 21:03:41 [INFO]: User connected:
2025-12-01 21:04:04 [INFO]: User connected:
2025-12-01 21:22:22 [INFO]: User connected:
2025-12-01 21:27:34 [INFO]: User connected:
2025-12-01 22:00:04 [INFO]: User connected:
2025-12-01 22:00:08 [INFO]: User connected:
2025-12-01 22:00:10 [INFO]: User connected:
